{"C:\\Users\\letic\\OneDrive\\Documentos\\03 - CURSOS\\DNC\\5. React\\CODE\\dnc-sales-dashboard-ls\\src\\utils\\currencyConverter.ts": {"path":"C:\\Users\\letic\\OneDrive\\Documentos\\03 - CURSOS\\DNC\\5. React\\CODE\\dnc-sales-dashboard-ls\\src\\utils\\currencyConverter.ts","statementMap":{"0":{"start":{"line":6,"column":0},"end":{"line":6,"column":16}},"1":{"start":{"line":7,"column":2},"end":{"line":10,"column":null}}},"fnMap":{"0":{"name":"currencyConverter","decl":{"start":{"line":6,"column":16},"end":{"line":6,"column":33}},"loc":{"start":{"line":6,"column":47},"end":{"line":11,"column":1}}}},"branchMap":{},"s":{"0":2,"1":0},"f":{"0":0},"b":{}}
,"C:\\Users\\letic\\OneDrive\\Documentos\\03 - CURSOS\\DNC\\5. React\\CODE\\dnc-sales-dashboard-ls\\src\\utils\\highlightTextConverter.ts": {"path":"C:\\Users\\letic\\OneDrive\\Documentos\\03 - CURSOS\\DNC\\5. React\\CODE\\dnc-sales-dashboard-ls\\src\\utils\\highlightTextConverter.ts","statementMap":{"0":{"start":{"line":6,"column":0},"end":{"line":6,"column":16}},"1":{"start":{"line":7,"column":2},"end":{"line":16,"column":3}},"2":{"start":{"line":9,"column":6},"end":{"line":9,"column":null}},"3":{"start":{"line":11,"column":6},"end":{"line":11,"column":null}},"4":{"start":{"line":13,"column":6},"end":{"line":13,"column":null}},"5":{"start":{"line":15,"column":6},"end":{"line":15,"column":null}}},"fnMap":{"0":{"name":"highlightTextConverter","decl":{"start":{"line":6,"column":16},"end":{"line":6,"column":38}},"loc":{"start":{"line":6,"column":51},"end":{"line":17,"column":1}}}},"branchMap":{"0":{"loc":{"start":{"line":7,"column":2},"end":{"line":16,"column":3}},"type":"switch","locations":[{"start":{"line":8,"column":4},"end":{"line":9,"column":null}},{"start":{"line":10,"column":4},"end":{"line":11,"column":null}},{"start":{"line":12,"column":4},"end":{"line":13,"column":null}},{"start":{"line":14,"column":4},"end":{"line":15,"column":null}}]}},"s":{"0":2,"1":4,"2":1,"3":1,"4":1,"5":1},"f":{"0":4},"b":{"0":[1,1,1,1]}}
,"C:\\Users\\letic\\OneDrive\\Documentos\\03 - CURSOS\\DNC\\5. React\\CODE\\dnc-sales-dashboard-ls\\src\\utils\\index.ts": {"path":"C:\\Users\\letic\\OneDrive\\Documentos\\03 - CURSOS\\DNC\\5. React\\CODE\\dnc-sales-dashboard-ls\\src\\utils\\index.ts","statementMap":{"0":{"start":{"line":1,"column":0},"end":{"line":1,"column":35}},"1":{"start":{"line":2,"column":0},"end":{"line":2,"column":40}},"2":{"start":{"line":3,"column":0},"end":{"line":3,"column":44}},"3":{"start":{"line":4,"column":0},"end":{"line":4,"column":25}}},"fnMap":{},"branchMap":{},"s":{"0":2,"1":2,"2":2,"3":2},"f":{},"b":{}}
,"C:\\Users\\letic\\OneDrive\\Documentos\\03 - CURSOS\\DNC\\5. React\\CODE\\dnc-sales-dashboard-ls\\src\\utils\\jwtExpirationDateConverter.ts": {"path":"C:\\Users\\letic\\OneDrive\\Documentos\\03 - CURSOS\\DNC\\5. React\\CODE\\dnc-sales-dashboard-ls\\src\\utils\\jwtExpirationDateConverter.ts","statementMap":{"0":{"start":{"line":6,"column":0},"end":{"line":6,"column":16}},"1":{"start":{"line":7,"column":22},"end":{"line":7,"column":51}},"2":{"start":{"line":8,"column":33},"end":{"line":8,"column":50}},"3":{"start":{"line":9,"column":24},"end":{"line":9,"column":36}},"4":{"start":{"line":10,"column":30},"end":{"line":10,"column":68}},"5":{"start":{"line":11,"column":2},"end":{"line":11,"column":null}}},"fnMap":{"0":{"name":"jwtExpirationDateConverter","decl":{"start":{"line":6,"column":16},"end":{"line":6,"column":42}},"loc":{"start":{"line":6,"column":54},"end":{"line":12,"column":1}}}},"branchMap":{},"s":{"0":3,"1":3,"2":3,"3":3,"4":3,"5":3},"f":{"0":3},"b":{}}
,"C:\\Users\\letic\\OneDrive\\Documentos\\03 - CURSOS\\DNC\\5. React\\CODE\\dnc-sales-dashboard-ls\\src\\utils\\pxToRem.ts": {"path":"C:\\Users\\letic\\OneDrive\\Documentos\\03 - CURSOS\\DNC\\5. React\\CODE\\dnc-sales-dashboard-ls\\src\\utils\\pxToRem.ts","statementMap":{"0":{"start":{"line":6,"column":0},"end":{"line":6,"column":16}},"1":{"start":{"line":7,"column":2},"end":{"line":7,"column":null}}},"fnMap":{"0":{"name":"pxToRem","decl":{"start":{"line":6,"column":16},"end":{"line":6,"column":23}},"loc":{"start":{"line":6,"column":38},"end":{"line":8,"column":1}}}},"branchMap":{},"s":{"0":2,"1":7},"f":{"0":7},"b":{}}
}
