TN:
SF:src\utils\currencyConverter.ts
FN:6,currencyConverter
FNF:1
FNH:0
FNDA:0,currencyConverter
DA:6,2
DA:7,0
LF:2
LH:1
BRF:0
BRH:0
end_of_record
TN:
SF:src\utils\highlightTextConverter.ts
FN:6,highlightTextConverter
FNF:1
FNH:1
FNDA:4,highlightTextConverter
DA:6,2
DA:7,4
DA:9,1
DA:11,1
DA:13,1
DA:15,1
LF:6
LH:6
BRDA:7,0,0,1
BRDA:7,0,1,1
BRDA:7,0,2,1
BRDA:7,0,3,1
BRF:4
BRH:4
end_of_record
TN:
SF:src\utils\index.ts
FNF:0
FNH:0
DA:1,2
DA:2,2
DA:3,2
DA:4,2
LF:4
LH:4
BRF:0
BRH:0
end_of_record
TN:
SF:src\utils\jwtExpirationDateConverter.ts
FN:6,jwtExpirationDateConverter
FNF:1
FNH:1
FNDA:3,jwtExpirationDateConverter
DA:6,3
DA:7,3
DA:8,3
DA:9,3
DA:10,3
DA:11,3
LF:6
LH:6
BRF:0
BRH:0
end_of_record
TN:
SF:src\utils\pxToRem.ts
FN:6,pxToRem
FNF:1
FNH:1
FNDA:7,pxToRem
DA:6,2
DA:7,7
LF:2
LH:2
BRF:0
BRH:0
end_of_record
